#
# A fatal error has been detected by the Java Runtime Environment:
#
#  EXCEPTION_ACCESS_VIOLATION (0xc0000005) at pc=0x00007ff81c66e560, pid=14020, tid=18908
#
# JRE version: OpenJDK Runtime Environment (15.0+36) (build 15+36-1562)
# Java VM: OpenJDK 64-Bit Server VM (15+36-1562, mixed mode, sharing, tiered, compressed oops, g1 gc, windows-amd64)
# Problematic frame:
# C  [nvoglv64.dll+0x113e560]
#
# No core dump will be written. Minidumps are not enabled by default on client versions of Windows
#
# If you would like to submit a bug report, please visit:
#   https://bugreport.java.com/bugreport/crash.jsp
# The crash happened outside the Java Virtual Machine in native code.
# See problematic frame for where to report the bug.
#

---------------  S U M M A R Y ------------

Command Line: -javaagent:C:\Program Files\JetBrains\IntelliJ IDEA Community Edition 2020.2.2\lib\idea_rt.jar=64757:C:\Program Files\JetBrains\IntelliJ IDEA Community Edition 2020.2.2\bin -Dfile.encoding=UTF-8 com.boi.engimonfactory.EngimonFactory2

Host: AMD Ryzen 5 3600 6-Core Processor              , 12 cores, 15G,  Windows 10 , 64 bit Build 19041 (10.0.19041.928)
Time: Mon Apr 26 07:39:12 2021 SE Asia Standard Time elapsed time: 1.391765 seconds (0d 0h 0m 1s)

---------------  T H R E A D  ---------------

Current thread (0x000001e7f5b519a0):  JavaThread "main" [_thread_in_native, id=18908, stack(0x0000000db8a00000,0x0000000db8b00000)]

Stack: [0x0000000db8a00000,0x0000000db8b00000],  sp=0x0000000db8afeeb8,  free space=1019k
Native frames: (J=compiled Java code, j=interpreted, Vv=VM code, C=native code)
C  [nvoglv64.dll+0x113e560]

Java frames: (J=compiled Java code, j=interpreted, Vv=VM code)
j  org.lwjgl.opengl.GL11C.glDrawArrays(III)V+0
j  org.lwjgl.opengl.GL11.glDrawArrays(III)V+3
j  com.boi.engimonfactory.Window.run()V+48
j  com.boi.engimonfactory.EngimonFactory2.main([Ljava/lang/String;)V+28
v  ~StubRoutines::call_stub

siginfo: EXCEPTION_ACCESS_VIOLATION (0xc0000005), reading address 0x0000000000000000


Register to memory mapping:

RIP=0x00007ff81c66e560 nvoglv64.dll
RAX=0x0000000000000030 is an unknown value
RBX=0x0000000000000280 is an unknown value
RCX=0x000001e7a2451868 points into unknown readable memory: 0x0000000000000000 | 00 00 00 00 00 00 00 00
RDX=0xfffffe185dbae798 is an unknown value
RSP=0x0000000db8afeeb8 is pointing into the stack for thread: 0x000001e7f5b519a0
RBP=0x0000000000000001 is an unknown value
RSI=0x0000000000000003 is an unknown value
RDI=0x000001e7a2451868 points into unknown readable memory: 0x0000000000000000 | 00 00 00 00 00 00 00 00
R8 =0x0000000000000030 is an unknown value
R9 =0x0000000000000003 is an unknown value
R10=0x0 is NULL
R11=0x000001e7a2451868 points into unknown readable memory: 0x0000000000000000 | 00 00 00 00 00 00 00 00
R12=0x0 is NULL
R13=0x00007ff81b530000 nvoglv64.dll
R14=0x0 is NULL
R15=0x000001e79db1ded8 points into unknown readable memory: 0x0000000000000004 | 04 00 00 00 00 00 00 00


Registers:
RAX=0x0000000000000030, RBX=0x0000000000000280, RCX=0x000001e7a2451868, RDX=0xfffffe185dbae798
RSP=0x0000000db8afeeb8, RBP=0x0000000000000001, RSI=0x0000000000000003, RDI=0x000001e7a2451868
R8 =0x0000000000000030, R9 =0x0000000000000003, R10=0x0000000000000000, R11=0x000001e7a2451868
R12=0x0000000000000000, R13=0x00007ff81b530000, R14=0x0000000000000000, R15=0x000001e79db1ded8
RIP=0x00007ff81c66e560, EFLAGS=0x0000000000010283

Top of Stack: (sp=0x0000000db8afeeb8)
0x0000000db8afeeb8:   00007ff81c0a8e0c 0000000000000000
0x0000000db8afeec8:   000001e78000a1aa 000001e7a3558678
0x0000000db8afeed8:   00007ff81bf186ab 0000000000000000
0x0000000db8afeee8:   0000000000000000 0000000000000000
0x0000000db8afeef8:   000000000002010b 000001e79db1ded8
0x0000000db8afef08:   00007ff81c0a9d1b 000001e79db1d080
0x0000000db8afef18:   0000000000000004 0000000000000003
0x0000000db8afef28:   000001e78000efc0 000001e7f5b519a0
0x0000000db8afef38:   0000000db8aff010 000001e7a3558678
0x0000000db8afef48:   0000000000000000 000001e78000a1aa
0x0000000db8afef58:   000001e78000f177 000001e7a3558680
0x0000000db8afef68:   0000000db8afefe0 0000000000000148
0x0000000db8afef78:   0000000000000148 000001e700000003
0x0000000db8afef88:   000001e78000f711 000001e78000ee16
0x0000000db8afef98:   0000000db8afef98 000001e7a3558678
0x0000000db8afefa8:   0000000db8aff010 000001e7a35634c8 

Instructions: (pc=0x00007ff81c66e560)
0x00007ff81c66e460:   4c 8b 02 8b 4a 08 4c 89 00 89 48 08 c3 0f 1f 00
0x00007ff81c66e470:   4c 8b 02 8b 4a 08 44 0f b7 4a 0c 4c 89 00 89 48
0x00007ff81c66e480:   08 66 44 89 48 0c c3 66 0f 1f 84 00 00 00 00 00
0x00007ff81c66e490:   4c 8b 02 8b 4a 08 44 0f b7 4a 0c 44 0f b6 52 0e
0x00007ff81c66e4a0:   4c 89 00 89 48 08 66 44 89 48 0c 44 88 50 0e c3
0x00007ff81c66e4b0:   0f 10 04 11 4c 03 c1 48 83 c1 10 41 f6 c3 0f 74
0x00007ff81c66e4c0:   13 0f 28 c8 48 83 e1 f0 0f 10 04 11 48 83 c1 10
0x00007ff81c66e4d0:   41 0f 11 0b 4c 2b c1 4d 8b c8 49 c1 e9 07 0f 84
0x00007ff81c66e4e0:   88 00 00 00 0f 29 41 f0 4c 3b 0d 49 52 63 01 76
0x00007ff81c66e4f0:   17 e9 c2 00 00 00 66 66 0f 1f 84 00 00 00 00 00
0x00007ff81c66e500:   0f 29 41 e0 0f 29 49 f0 0f 10 04 11 0f 10 4c 11
0x00007ff81c66e510:   10 48 81 c1 80 00 00 00 0f 29 41 80 0f 29 49 90
0x00007ff81c66e520:   0f 10 44 11 a0 0f 10 4c 11 b0 49 ff c9 0f 29 41
0x00007ff81c66e530:   a0 0f 29 49 b0 0f 10 44 11 c0 0f 10 4c 11 d0 0f
0x00007ff81c66e540:   29 41 c0 0f 29 49 d0 0f 10 44 11 e0 0f 10 4c 11
0x00007ff81c66e550:   f0 75 ad 0f 29 41 e0 49 83 e0 7f 0f 28 c1 eb 0c
0x00007ff81c66e560:   0f 10 04 11 48 83 c1 10 49 83 e8 10 4d 8b c8 49
0x00007ff81c66e570:   c1 e9 04 74 1c 66 66 66 0f 1f 84 00 00 00 00 00
0x00007ff81c66e580:   0f 11 41 f0 0f 10 04 11 48 83 c1 10 49 ff c9 75
0x00007ff81c66e590:   ef 49 83 e0 0f 74 0d 4a 8d 04 01 0f 10 4c 10 f0
0x00007ff81c66e5a0:   0f 11 48 f0 0f 11 41 f0 49 8b c3 c3 0f 1f 40 00
0x00007ff81c66e5b0:   0f 2b 41 e0 0f 2b 49 f0 0f 18 84 11 00 02 00 00
0x00007ff81c66e5c0:   0f 10 04 11 0f 10 4c 11 10 48 81 c1 80 00 00 00
0x00007ff81c66e5d0:   0f 2b 41 80 0f 2b 49 90 0f 10 44 11 a0 0f 10 4c
0x00007ff81c66e5e0:   11 b0 49 ff c9 0f 2b 41 a0 0f 2b 49 b0 0f 10 44
0x00007ff81c66e5f0:   11 c0 0f 10 4c 11 d0 0f 18 84 11 40 02 00 00 0f
0x00007ff81c66e600:   2b 41 c0 0f 2b 49 d0 0f 10 44 11 e0 0f 10 4c 11
0x00007ff81c66e610:   f0 75 9d 0f ae f8 e9 38 ff ff ff 0f 1f 44 00 00
0x00007ff81c66e620:   49 03 c8 0f 10 44 11 f0 48 83 e9 10 49 83 e8 10
0x00007ff81c66e630:   f6 c1 0f 74 17 48 8b c1 48 83 e1 f0 0f 10 c8 0f
0x00007ff81c66e640:   10 04 11 0f 11 08 4c 8b c1 4d 2b c3 4d 8b c8 49
0x00007ff81c66e650:   c1 e9 07 74 68 0f 29 01 eb 0d 66 0f 1f 44 00 00 


Stack slot to memory mapping:
stack at sp + 0 slots: 0x00007ff81c0a8e0c nvoglv64.dll
stack at sp + 1 slots: 0x0 is NULL
stack at sp + 2 slots: 0x000001e78000a1aa is at code_begin+2346 in an Interpreter codelet
invoke return entry points  [0x000001e780009880, 0x000001e78000a280]  2560 bytes
stack at sp + 3 slots: 0x000001e7a3558678 is pointing into metadata
stack at sp + 4 slots: 0x00007ff81bf186ab nvoglv64.dll
stack at sp + 5 slots: 0x0 is NULL
stack at sp + 6 slots: 0x0 is NULL
stack at sp + 7 slots: 0x0 is NULL


---------------  P R O C E S S  ---------------

Threads class SMR info:
_java_thread_list=0x000001e79c905560, length=12, elements={
0x000001e7f5b519a0, 0x000001e79b6d6d10, 0x000001e79b6d78e0, 0x000001e79beeeaf0,
0x000001e79bef14c0, 0x000001e79bef2710, 0x000001e79bef6450, 0x000001e79bef94e0,
0x000001e79beffc00, 0x000001e79b6b7fe0, 0x000001e79c1cdaa0, 0x000001e79c268f70
}

Java Threads: ( => current thread )
=>0x000001e7f5b519a0 JavaThread "main" [_thread_in_native, id=18908, stack(0x0000000db8a00000,0x0000000db8b00000)]
  0x000001e79b6d6d10 JavaThread "Reference Handler" daemon [_thread_blocked, id=18528, stack(0x0000000db9100000,0x0000000db9200000)]
  0x000001e79b6d78e0 JavaThread "Finalizer" daemon [_thread_blocked, id=17104, stack(0x0000000db9200000,0x0000000db9300000)]
  0x000001e79beeeaf0 JavaThread "Signal Dispatcher" daemon [_thread_blocked, id=13548, stack(0x0000000db9300000,0x0000000db9400000)]
  0x000001e79bef14c0 JavaThread "Attach Listener" daemon [_thread_blocked, id=17496, stack(0x0000000db9400000,0x0000000db9500000)]
  0x000001e79bef2710 JavaThread "Service Thread" daemon [_thread_blocked, id=22816, stack(0x0000000db9500000,0x0000000db9600000)]
  0x000001e79bef6450 JavaThread "C2 CompilerThread0" daemon [_thread_blocked, id=14244, stack(0x0000000db9600000,0x0000000db9700000)]
  0x000001e79bef94e0 JavaThread "C1 CompilerThread0" daemon [_thread_blocked, id=25476, stack(0x0000000db9700000,0x0000000db9800000)]
  0x000001e79beffc00 JavaThread "Sweeper thread" daemon [_thread_blocked, id=17628, stack(0x0000000db9800000,0x0000000db9900000)]
  0x000001e79b6b7fe0 JavaThread "Common-Cleaner" daemon [_thread_blocked, id=10436, stack(0x0000000db9900000,0x0000000db9a00000)]
  0x000001e79c1cdaa0 JavaThread "Monitor Ctrl-Break" daemon [_thread_in_native, id=15072, stack(0x0000000db9b00000,0x0000000db9c00000)]
  0x000001e79c268f70 JavaThread "Notification Thread" daemon [_thread_blocked, id=19396, stack(0x0000000db9c00000,0x0000000db9d00000)]

Other Threads:
  0x000001e79b6cf2b0 VMThread "VM Thread" [stack: 0x0000000db9000000,0x0000000db9100000] [id=20028]
  0x000001e79c1cdf70 WatcherThread [stack: 0x0000000db9d00000,0x0000000db9e00000] [id=7824]
  0x000001e7f5ba39c0 GCTaskThread "GC Thread#0" [stack: 0x0000000db8b00000,0x0000000db8c00000] [id=6904]
  0x000001e7f5bb5b70 ConcurrentGCThread "G1 Main Marker" [stack: 0x0000000db8c00000,0x0000000db8d00000] [id=1368]
  0x000001e7f5bb7770 ConcurrentGCThread "G1 Conc#0" [stack: 0x0000000db8d00000,0x0000000db8e00000] [id=19016]
  0x000001e7f5c2d150 ConcurrentGCThread "G1 Refine#0" [stack: 0x0000000db8e00000,0x0000000db8f00000] [id=18264]
  0x000001e7f5c2ec00 ConcurrentGCThread "G1 Young RemSet Sampling" [stack: 0x0000000db8f00000,0x0000000db9000000] [id=1944]

Threads with active compile tasks:

VM state: not at safepoint (normal execution)

VM Mutex/Monitor currently owned by a thread: None

Heap address: 0x0000000701200000, size: 4078 MB, Compressed Oops mode: Zero based, Oop shift amount: 3
CDS archive(s) mapped at: [0x0000000800000000-0x0000000800b50000-0x0000000800b50000), size 11862016, SharedBaseAddress: 0x0000000800000000, ArchiveRelocationMode: 0.
Compressed class space mapped at: 0x0000000800b50000-0x0000000840b50000, size: 1073741824
Narrow klass base: 0x0000000800000000, Narrow klass shift: 3, Narrow klass range: 0x100000000

GC Precious Log:
 CPUs: 12 total, 12 available
 Memory: 16310M
 Large Page Support: Disabled
 NUMA Support: Disabled
 Compressed Oops: Enabled (Zero based)
 Heap Region Size: 2M
 Heap Min Capacity: 8M
 Heap Initial Capacity: 256M
 Heap Max Capacity: 4078M
 Pre-touch: Disabled
 Parallel Workers: 10
 Concurrent Workers: 3
 Concurrent Refinement Workers: 10
 Periodic GC: Disabled

Heap:
 garbage-first heap   total 262144K, used 16384K [0x0000000701200000, 0x0000000800000000)
  region size 2048K, 9 young (18432K), 0 survivors (0K)
 Metaspace       used 6978K, capacity 9333K, committed 9600K, reserved 1058816K
  class space    used 387K, capacity 640K, committed 640K, reserved 1048576K

Heap Regions: E=young(eden), S=young(survivor), O=old, HS=humongous(starts), HC=humongous(continues), CS=collection set, F=free, OA=open archive, CA=closed archive, TAMS=top-at-mark-start (previous, next)
|   0|0x0000000701200000, 0x0000000701200000, 0x0000000701400000|  0%| F|  |TAMS 0x0000000701200000, 0x0000000701200000| Untracked 
|   1|0x0000000701400000, 0x0000000701400000, 0x0000000701600000|  0%| F|  |TAMS 0x0000000701400000, 0x0000000701400000| Untracked 
|   2|0x0000000701600000, 0x0000000701600000, 0x0000000701800000|  0%| F|  |TAMS 0x0000000701600000, 0x0000000701600000| Untracked 
|   3|0x0000000701800000, 0x0000000701800000, 0x0000000701a00000|  0%| F|  |TAMS 0x0000000701800000, 0x0000000701800000| Untracked 
|   4|0x0000000701a00000, 0x0000000701a00000, 0x0000000701c00000|  0%| F|  |TAMS 0x0000000701a00000, 0x0000000701a00000| Untracked 
|   5|0x0000000701c00000, 0x0000000701c00000, 0x0000000701e00000|  0%| F|  |TAMS 0x0000000701c00000, 0x0000000701c00000| Untracked 
|   6|0x0000000701e00000, 0x0000000701e00000, 0x0000000702000000|  0%| F|  |TAMS 0x0000000701e00000, 0x0000000701e00000| Untracked 
|   7|0x0000000702000000, 0x0000000702000000, 0x0000000702200000|  0%| F|  |TAMS 0x0000000702000000, 0x0000000702000000| Untracked 
|   8|0x0000000702200000, 0x0000000702200000, 0x0000000702400000|  0%| F|  |TAMS 0x0000000702200000, 0x0000000702200000| Untracked 
|   9|0x0000000702400000, 0x0000000702400000, 0x0000000702600000|  0%| F|  |TAMS 0x0000000702400000, 0x0000000702400000| Untracked 
|  10|0x0000000702600000, 0x0000000702600000, 0x0000000702800000|  0%| F|  |TAMS 0x0000000702600000, 0x0000000702600000| Untracked 
|  11|0x0000000702800000, 0x0000000702800000, 0x0000000702a00000|  0%| F|  |TAMS 0x0000000702800000, 0x0000000702800000| Untracked 
|  12|0x0000000702a00000, 0x0000000702a00000, 0x0000000702c00000|  0%| F|  |TAMS 0x0000000702a00000, 0x0000000702a00000| Untracked 
|  13|0x0000000702c00000, 0x0000000702c00000, 0x0000000702e00000|  0%| F|  |TAMS 0x0000000702c00000, 0x0000000702c00000| Untracked 
|  14|0x0000000702e00000, 0x0000000702e00000, 0x0000000703000000|  0%| F|  |TAMS 0x0000000702e00000, 0x0000000702e00000| Untracked 
|  15|0x0000000703000000, 0x0000000703000000, 0x0000000703200000|  0%| F|  |TAMS 0x0000000703000000, 0x0000000703000000| Untracked 
|  16|0x0000000703200000, 0x0000000703200000, 0x0000000703400000|  0%| F|  |TAMS 0x0000000703200000, 0x0000000703200000| Untracked 
|  17|0x0000000703400000, 0x0000000703400000, 0x0000000703600000|  0%| F|  |TAMS 0x0000000703400000, 0x0000000703400000| Untracked 
|  18|0x0000000703600000, 0x0000000703600000, 0x0000000703800000|  0%| F|  |TAMS 0x0000000703600000, 0x0000000703600000| Untracked 
|  19|0x0000000703800000, 0x0000000703800000, 0x0000000703a00000|  0%| F|  |TAMS 0x0000000703800000, 0x0000000703800000| Untracked 
|  20|0x0000000703a00000, 0x0000000703a00000, 0x0000000703c00000|  0%| F|  |TAMS 0x0000000703a00000, 0x0000000703a00000| Untracked 
|  21|0x0000000703c00000, 0x0000000703c00000, 0x0000000703e00000|  0%| F|  |TAMS 0x0000000703c00000, 0x0000000703c00000| Untracked 
|  22|0x0000000703e00000, 0x0000000703e00000, 0x0000000704000000|  0%| F|  |TAMS 0x0000000703e00000, 0x0000000703e00000| Untracked 
|  23|0x0000000704000000, 0x0000000704000000, 0x0000000704200000|  0%| F|  |TAMS 0x0000000704000000, 0x0000000704000000| Untracked 
|  24|0x0000000704200000, 0x0000000704200000, 0x0000000704400000|  0%| F|  |TAMS 0x0000000704200000, 0x0000000704200000| Untracked 
|  25|0x0000000704400000, 0x0000000704400000, 0x0000000704600000|  0%| F|  |TAMS 0x0000000704400000, 0x0000000704400000| Untracked 
|  26|0x0000000704600000, 0x0000000704600000, 0x0000000704800000|  0%| F|  |TAMS 0x0000000704600000, 0x0000000704600000| Untracked 
|  27|0x0000000704800000, 0x0000000704800000, 0x0000000704a00000|  0%| F|  |TAMS 0x0000000704800000, 0x0000000704800000| Untracked 
|  28|0x0000000704a00000, 0x0000000704a00000, 0x0000000704c00000|  0%| F|  |TAMS 0x0000000704a00000, 0x0000000704a00000| Untracked 
|  29|0x0000000704c00000, 0x0000000704c00000, 0x0000000704e00000|  0%| F|  |TAMS 0x0000000704c00000, 0x0000000704c00000| Untracked 
|  30|0x0000000704e00000, 0x0000000704e00000, 0x0000000705000000|  0%| F|  |TAMS 0x0000000704e00000, 0x0000000704e00000| Untracked 
|  31|0x0000000705000000, 0x0000000705000000, 0x0000000705200000|  0%| F|  |TAMS 0x0000000705000000, 0x0000000705000000| Untracked 
|  32|0x0000000705200000, 0x0000000705200000, 0x0000000705400000|  0%| F|  |TAMS 0x0000000705200000, 0x0000000705200000| Untracked 
|  33|0x0000000705400000, 0x0000000705400000, 0x0000000705600000|  0%| F|  |TAMS 0x0000000705400000, 0x0000000705400000| Untracked 
|  34|0x0000000705600000, 0x0000000705600000, 0x0000000705800000|  0%| F|  |TAMS 0x0000000705600000, 0x0000000705600000| Untracked 
|  35|0x0000000705800000, 0x0000000705800000, 0x0000000705a00000|  0%| F|  |TAMS 0x0000000705800000, 0x0000000705800000| Untracked 
|  36|0x0000000705a00000, 0x0000000705a00000, 0x0000000705c00000|  0%| F|  |TAMS 0x0000000705a00000, 0x0000000705a00000| Untracked 
|  37|0x0000000705c00000, 0x0000000705c00000, 0x0000000705e00000|  0%| F|  |TAMS 0x0000000705c00000, 0x0000000705c00000| Untracked 
|  38|0x0000000705e00000, 0x0000000705e00000, 0x0000000706000000|  0%| F|  |TAMS 0x0000000705e00000, 0x0000000705e00000| Untracked 
|  39|0x0000000706000000, 0x0000000706000000, 0x0000000706200000|  0%| F|  |TAMS 0x0000000706000000, 0x0000000706000000| Untracked 
|  40|0x0000000706200000, 0x0000000706200000, 0x0000000706400000|  0%| F|  |TAMS 0x0000000706200000, 0x0000000706200000| Untracked 
|  41|0x0000000706400000, 0x0000000706400000, 0x0000000706600000|  0%| F|  |TAMS 0x0000000706400000, 0x0000000706400000| Untracked 
|  42|0x0000000706600000, 0x0000000706600000, 0x0000000706800000|  0%| F|  |TAMS 0x0000000706600000, 0x0000000706600000| Untracked 
|  43|0x0000000706800000, 0x0000000706800000, 0x0000000706a00000|  0%| F|  |TAMS 0x0000000706800000, 0x0000000706800000| Untracked 
|  44|0x0000000706a00000, 0x0000000706a00000, 0x0000000706c00000|  0%| F|  |TAMS 0x0000000706a00000, 0x0000000706a00000| Untracked 
|  45|0x0000000706c00000, 0x0000000706c00000, 0x0000000706e00000|  0%| F|  |TAMS 0x0000000706c00000, 0x0000000706c00000| Untracked 
|  46|0x0000000706e00000, 0x0000000706e00000, 0x0000000707000000|  0%| F|  |TAMS 0x0000000706e00000, 0x0000000706e00000| Untracked 
|  47|0x0000000707000000, 0x0000000707000000, 0x0000000707200000|  0%| F|  |TAMS 0x0000000707000000, 0x0000000707000000| Untracked 
|  48|0x0000000707200000, 0x0000000707200000, 0x0000000707400000|  0%| F|  |TAMS 0x0000000707200000, 0x0000000707200000| Untracked 
|  49|0x0000000707400000, 0x0000000707400000, 0x0000000707600000|  0%| F|  |TAMS 0x0000000707400000, 0x0000000707400000| Untracked 
|  50|0x0000000707600000, 0x0000000707600000, 0x0000000707800000|  0%| F|  |TAMS 0x0000000707600000, 0x0000000707600000| Untracked 
|  51|0x0000000707800000, 0x0000000707800000, 0x0000000707a00000|  0%| F|  |TAMS 0x0000000707800000, 0x0000000707800000| Untracked 
|  52|0x0000000707a00000, 0x0000000707a00000, 0x0000000707c00000|  0%| F|  |TAMS 0x0000000707a00000, 0x0000000707a00000| Untracked 
|  53|0x0000000707c00000, 0x0000000707c00000, 0x0000000707e00000|  0%| F|  |TAMS 0x0000000707c00000, 0x0000000707c00000| Untracked 
|  54|0x0000000707e00000, 0x0000000707e00000, 0x0000000708000000|  0%| F|  |TAMS 0x0000000707e00000, 0x0000000707e00000| Untracked 
|  55|0x0000000708000000, 0x0000000708000000, 0x0000000708200000|  0%| F|  |TAMS 0x0000000708000000, 0x0000000708000000| Untracked 
|  56|0x0000000708200000, 0x0000000708200000, 0x0000000708400000|  0%| F|  |TAMS 0x0000000708200000, 0x0000000708200000| Untracked 
|  57|0x0000000708400000, 0x0000000708400000, 0x0000000708600000|  0%| F|  |TAMS 0x0000000708400000, 0x0000000708400000| Untracked 
|  58|0x0000000708600000, 0x0000000708600000, 0x0000000708800000|  0%| F|  |TAMS 0x0000000708600000, 0x0000000708600000| Untracked 
|  59|0x0000000708800000, 0x0000000708800000, 0x0000000708a00000|  0%| F|  |TAMS 0x0000000708800000, 0x0000000708800000| Untracked 
|  60|0x0000000708a00000, 0x0000000708a00000, 0x0000000708c00000|  0%| F|  |TAMS 0x0000000708a00000, 0x0000000708a00000| Untracked 
|  61|0x0000000708c00000, 0x0000000708c00000, 0x0000000708e00000|  0%| F|  |TAMS 0x0000000708c00000, 0x0000000708c00000| Untracked 
|  62|0x0000000708e00000, 0x0000000708e00000, 0x0000000709000000|  0%| F|  |TAMS 0x0000000708e00000, 0x0000000708e00000| Untracked 
|  63|0x0000000709000000, 0x0000000709000000, 0x0000000709200000|  0%| F|  |TAMS 0x0000000709000000, 0x0000000709000000| Untracked 
|  64|0x0000000709200000, 0x0000000709200000, 0x0000000709400000|  0%| F|  |TAMS 0x0000000709200000, 0x0000000709200000| Untracked 
|  65|0x0000000709400000, 0x0000000709400000, 0x0000000709600000|  0%| F|  |TAMS 0x0000000709400000, 0x0000000709400000| Untracked 
|  66|0x0000000709600000, 0x0000000709600000, 0x0000000709800000|  0%| F|  |TAMS 0x0000000709600000, 0x0000000709600000| Untracked 
|  67|0x0000000709800000, 0x0000000709800000, 0x0000000709a00000|  0%| F|  |TAMS 0x0000000709800000, 0x0000000709800000| Untracked 
|  68|0x0000000709a00000, 0x0000000709a00000, 0x0000000709c00000|  0%| F|  |TAMS 0x0000000709a00000, 0x0000000709a00000| Untracked 
|  69|0x0000000709c00000, 0x0000000709c00000, 0x0000000709e00000|  0%| F|  |TAMS 0x0000000709c00000, 0x0000000709c00000| Untracked 
|  70|0x0000000709e00000, 0x0000000709e00000, 0x000000070a000000|  0%| F|  |TAMS 0x0000000709e00000, 0x0000000709e00000| Untracked 
|  71|0x000000070a000000, 0x000000070a000000, 0x000000070a200000|  0%| F|  |TAMS 0x000000070a000000, 0x000000070a000000| Untracked 
|  72|0x000000070a200000, 0x000000070a200000, 0x000000070a400000|  0%| F|  |TAMS 0x000000070a200000, 0x000000070a200000| Untracked 
|  73|0x000000070a400000, 0x000000070a400000, 0x000000070a600000|  0%| F|  |TAMS 0x000000070a400000, 0x000000070a400000| Untracked 
|  74|0x000000070a600000, 0x000000070a600000, 0x000000070a800000|  0%| F|  |TAMS 0x000000070a600000, 0x000000070a600000| Untracked 
|  75|0x000000070a800000, 0x000000070a800000, 0x000000070aa00000|  0%| F|  |TAMS 0x000000070a800000, 0x000000070a800000| Untracked 
|  76|0x000000070aa00000, 0x000000070aa00000, 0x000000070ac00000|  0%| F|  |TAMS 0x000000070aa00000, 0x000000070aa00000| Untracked 
|  77|0x000000070ac00000, 0x000000070ac00000, 0x000000070ae00000|  0%| F|  |TAMS 0x000000070ac00000, 0x000000070ac00000| Untracked 
|  78|0x000000070ae00000, 0x000000070ae00000, 0x000000070b000000|  0%| F|  |TAMS 0x000000070ae00000, 0x000000070ae00000| Untracked 
|  79|0x000000070b000000, 0x000000070b000000, 0x000000070b200000|  0%| F|  |TAMS 0x000000070b000000, 0x000000070b000000| Untracked 
|  80|0x000000070b200000, 0x000000070b200000, 0x000000070b400000|  0%| F|  |TAMS 0x000000070b200000, 0x000000070b200000| Untracked 
|  81|0x000000070b400000, 0x000000070b400000, 0x000000070b600000|  0%| F|  |TAMS 0x000000070b400000, 0x000000070b400000| Untracked 
|  82|0x000000070b600000, 0x000000070b600000, 0x000000070b800000|  0%| F|  |TAMS 0x000000070b600000, 0x000000070b600000| Untracked 
|  83|0x000000070b800000, 0x000000070b800000, 0x000000070ba00000|  0%| F|  |TAMS 0x000000070b800000, 0x000000070b800000| Untracked 
|  84|0x000000070ba00000, 0x000000070ba00000, 0x000000070bc00000|  0%| F|  |TAMS 0x000000070ba00000, 0x000000070ba00000| Untracked 
|  85|0x000000070bc00000, 0x000000070bc00000, 0x000000070be00000|  0%| F|  |TAMS 0x000000070bc00000, 0x000000070bc00000| Untracked 
|  86|0x000000070be00000, 0x000000070be00000, 0x000000070c000000|  0%| F|  |TAMS 0x000000070be00000, 0x000000070be00000| Untracked 
|  87|0x000000070c000000, 0x000000070c000000, 0x000000070c200000|  0%| F|  |TAMS 0x000000070c000000, 0x000000070c000000| Untracked 
|  88|0x000000070c200000, 0x000000070c200000, 0x000000070c400000|  0%| F|  |TAMS 0x000000070c200000, 0x000000070c200000| Untracked 
|  89|0x000000070c400000, 0x000000070c400000, 0x000000070c600000|  0%| F|  |TAMS 0x000000070c400000, 0x000000070c400000| Untracked 
|  90|0x000000070c600000, 0x000000070c600000, 0x000000070c800000|  0%| F|  |TAMS 0x000000070c600000, 0x000000070c600000| Untracked 
|  91|0x000000070c800000, 0x000000070c800000, 0x000000070ca00000|  0%| F|  |TAMS 0x000000070c800000, 0x000000070c800000| Untracked 
|  92|0x000000070ca00000, 0x000000070ca00000, 0x000000070cc00000|  0%| F|  |TAMS 0x000000070ca00000, 0x000000070ca00000| Untracked 
|  93|0x000000070cc00000, 0x000000070cc00000, 0x000000070ce00000|  0%| F|  |TAMS 0x000000070cc00000, 0x000000070cc00000| Untracked 
|  94|0x000000070ce00000, 0x000000070ce00000, 0x000000070d000000|  0%| F|  |TAMS 0x000000070ce00000, 0x000000070ce00000| Untracked 
|  95|0x000000070d000000, 0x000000070d000000, 0x000000070d200000|  0%| F|  |TAMS 0x000000070d000000, 0x000000070d000000| Untracked 
|  96|0x000000070d200000, 0x000000070d200000, 0x000000070d400000|  0%| F|  |TAMS 0x000000070d200000, 0x000000070d200000| Untracked 
|  97|0x000000070d400000, 0x000000070d400000, 0x000000070d600000|  0%| F|  |TAMS 0x000000070d400000, 0x000000070d400000| Untracked 
|  98|0x000000070d600000, 0x000000070d600000, 0x000000070d800000|  0%| F|  |TAMS 0x000000070d600000, 0x000000070d600000| Untracked 
|  99|0x000000070d800000, 0x000000070d800000, 0x000000070da00000|  0%| F|  |TAMS 0x000000070d800000, 0x000000070d800000| Untracked 
| 100|0x000000070da00000, 0x000000070da00000, 0x000000070dc00000|  0%| F|  |TAMS 0x000000070da00000, 0x000000070da00000| Untracked 
| 101|0x000000070dc00000, 0x000000070dc00000, 0x000000070de00000|  0%| F|  |TAMS 0x000000070dc00000, 0x000000070dc00000| Untracked 
| 102|0x000000070de00000, 0x000000070de00000, 0x000000070e000000|  0%| F|  |TAMS 0x000000070de00000, 0x000000070de00000| Untracked 
| 103|0x000000070e000000, 0x000000070e000000, 0x000000070e200000|  0%| F|  |TAMS 0x000000070e000000, 0x000000070e000000| Untracked 
| 104|0x000000070e200000, 0x000000070e200000, 0x000000070e400000|  0%| F|  |TAMS 0x000000070e200000, 0x000000070e200000| Untracked 
| 105|0x000000070e400000, 0x000000070e400000, 0x000000070e600000|  0%| F|  |TAMS 0x000000070e400000, 0x000000070e400000| Untracked 
| 106|0x000000070e600000, 0x000000070e600000, 0x000000070e800000|  0%| F|  |TAMS 0x000000070e600000, 0x000000070e600000| Untracked 
| 107|0x000000070e800000, 0x000000070e800000, 0x000000070ea00000|  0%| F|  |TAMS 0x000000070e800000, 0x000000070e800000| Untracked 
| 108|0x000000070ea00000, 0x000000070ea00000, 0x000000070ec00000|  0%| F|  |TAMS 0x000000070ea00000, 0x000000070ea00000| Untracked 
| 109|0x000000070ec00000, 0x000000070ec00000, 0x000000070ee00000|  0%| F|  |TAMS 0x000000070ec00000, 0x000000070ec00000| Untracked 
| 110|0x000000070ee00000, 0x000000070ee00000, 0x000000070f000000|  0%| F|  |TAMS 0x000000070ee00000, 0x000000070ee00000| Untracked 
| 111|0x000000070f000000, 0x000000070f000000, 0x000000070f200000|  0%| F|  |TAMS 0x000000070f000000, 0x000000070f000000| Untracked 
| 112|0x000000070f200000, 0x000000070f200000, 0x000000070f400000|  0%| F|  |TAMS 0x000000070f200000, 0x000000070f200000| Untracked 
| 113|0x000000070f400000, 0x000000070f400000, 0x000000070f600000|  0%| F|  |TAMS 0x000000070f400000, 0x000000070f400000| Untracked 
| 114|0x000000070f600000, 0x000000070f600000, 0x000000070f800000|  0%| F|  |TAMS 0x000000070f600000, 0x000000070f600000| Untracked 
| 115|0x000000070f800000, 0x000000070f800000, 0x000000070fa00000|  0%| F|  |TAMS 0x000000070f800000, 0x000000070f800000| Untracked 
| 116|0x000000070fa00000, 0x000000070fa00000, 0x000000070fc00000|  0%| F|  |TAMS 0x000000070fa00000, 0x000000070fa00000| Untracked 
| 117|0x000000070fc00000, 0x000000070fc00000, 0x000000070fe00000|  0%| F|  |TAMS 0x000000070fc00000, 0x000000070fc00000| Untracked 
| 118|0x000000070fe00000, 0x000000070fe00000, 0x0000000710000000|  0%| F|  |TAMS 0x000000070fe00000, 0x000000070fe00000| Untracked 
| 119|0x0000000710000000, 0x00000007101539b8, 0x0000000710200000| 66%| E|  |TAMS 0x0000000710000000, 0x0000000710000000| Complete 
| 120|0x0000000710200000, 0x0000000710400000, 0x0000000710400000|100%| E|CS|TAMS 0x0000000710200000, 0x0000000710200000| Complete 
| 121|0x0000000710400000, 0x0000000710600000, 0x0000000710600000|100%| E|CS|TAMS 0x0000000710400000, 0x0000000710400000| Complete 
| 122|0x0000000710600000, 0x0000000710800000, 0x0000000710800000|100%| E|CS|TAMS 0x0000000710600000, 0x0000000710600000| Complete 
| 123|0x0000000710800000, 0x0000000710a00000, 0x0000000710a00000|100%| E|CS|TAMS 0x0000000710800000, 0x0000000710800000| Complete 
| 124|0x0000000710a00000, 0x0000000710c00000, 0x0000000710c00000|100%| E|CS|TAMS 0x0000000710a00000, 0x0000000710a00000| Complete 
| 125|0x0000000710c00000, 0x0000000710e00000, 0x0000000710e00000|100%| E|CS|TAMS 0x0000000710c00000, 0x0000000710c00000| Complete 
| 126|0x0000000710e00000, 0x0000000711000000, 0x0000000711000000|100%| E|CS|TAMS 0x0000000710e00000, 0x0000000710e00000| Complete 
| 127|0x0000000711000000, 0x0000000711200000, 0x0000000711200000|100%| E|CS|TAMS 0x0000000711000000, 0x0000000711000000| Complete 

Card table byte_map: [0x000001e78fa20000,0x000001e790220000] _byte_map_base: 0x000001e78c217000

Marking Bits (Prev, Next): (CMBitMap*) 0x000001e7f5ba5240, (CMBitMap*) 0x000001e7f5ba5280
 Prev Bits: [0x000001e790a20000, 0x000001e7949d8000)
 Next Bits: [0x000001e7949e0000, 0x000001e798998000)

Polling page: 0x000001e7f5c30000

Metaspace:

Usage:
  Non-class:      8.49 MB capacity,     6.44 MB ( 76%) used,     2.05 MB ( 24%) free+waste,     7.44 KB ( <1%) overhead. 
      Class:    640.00 KB capacity,   387.09 KB ( 60%) used,   250.73 KB ( 39%) free+waste,     2.19 KB ( <1%) overhead. 
       Both:      9.11 MB capacity,     6.81 MB ( 75%) used,     2.29 MB ( 25%) free+waste,     9.62 KB ( <1%) overhead. 

Virtual space:
  Non-class space:       10.00 MB reserved,       8.75 MB ( 88%) committed 
      Class space:        1.00 GB reserved,     640.00 KB ( <1%) committed 
             Both:        1.01 GB reserved,       9.38 MB ( <1%) committed 

Chunk freelists:
   Non-Class:  75.00 KB
       Class:  0 bytes
        Both:  75.00 KB

MaxMetaspaceSize: 17179869184.00 GB
CompressedClassSpaceSize: 1.00 GB

CodeHeap 'non-profiled nmethods': size=120000Kb used=268Kb max_used=268Kb free=119731Kb
 bounds [0x000001e787ad0000, 0x000001e787d40000, 0x000001e78f000000]
CodeHeap 'profiled nmethods': size=120000Kb used=1490Kb max_used=1490Kb free=118509Kb
 bounds [0x000001e7805a0000, 0x000001e780810000, 0x000001e787ad0000]
CodeHeap 'non-nmethods': size=5760Kb used=1730Kb max_used=1746Kb free=4029Kb
 bounds [0x000001e780000000, 0x000001e780270000, 0x000001e7805a0000]
 total_blobs=2032 nmethods=872 adapters=1073
 compilation: enabled
              stopped_count=0, restarted_count=0
 full_count=0

Compilation events (20 events):
Event: 1.367 Thread 0x000001e79bef6450 nmethod 857 0x000001e787b12110 code [0x000001e787b122c0, 0x000001e787b129c8]
Event: 1.367 Thread 0x000001e79bef6450  860       4       sun.misc.Unsafe::putByte (9 bytes)
Event: 1.367 Thread 0x000001e79bef6450 nmethod 860 0x000001e787b12d10 code [0x000001e787b12e80, 0x000001e787b12ef8]
Event: 1.381 Thread 0x000001e79bef94e0  861  s    3       jdk.internal.jimage.BasicImageReader::findLocation (115 bytes)
Event: 1.382 Thread 0x000001e79bef94e0 nmethod 861 0x000001e78070b290 code [0x000001e78070b5a0, 0x000001e78070c6d8]
Event: 1.382 Thread 0x000001e79bef94e0  862       3       jdk.internal.jimage.ImageStringsReader::get (9 bytes)
Event: 1.382 Thread 0x000001e79bef94e0 nmethod 862 0x000001e78070cc90 code [0x000001e78070ce40, 0x000001e78070d008]
Event: 1.382 Thread 0x000001e79bef94e0  863       3       jdk.internal.jimage.BasicImageReader::getString (49 bytes)
Event: 1.382 Thread 0x000001e79bef94e0 nmethod 863 0x000001e78070d110 code [0x000001e78070d2e0, 0x000001e78070d5c8]
Event: 1.382 Thread 0x000001e79bef94e0  864       3       jdk.internal.jimage.ImageStringsReader::stringFromByteBuffer (28 bytes)
Event: 1.383 Thread 0x000001e79bef94e0 nmethod 864 0x000001e78070d710 code [0x000001e78070d8e0, 0x000001e78070dc38]
Event: 1.383 Thread 0x000001e79bef94e0  865       3       jdk.internal.jimage.BasicImageReader::getAttributes (49 bytes)
Event: 1.383 Thread 0x000001e79bef94e0 nmethod 865 0x000001e78070dd90 code [0x000001e78070df60, 0x000001e78070e248]
Event: 1.383 Thread 0x000001e79bef94e0  866       3       jdk.internal.jimage.ImageLocation::verify (50 bytes)
Event: 1.383 Thread 0x000001e79bef94e0 nmethod 866 0x000001e78070e390 code [0x000001e78070e5c0, 0x000001e78070ed28]
Event: 1.383 Thread 0x000001e79bef94e0  868       3       jdk.internal.org.objectweb.asm.AnnotationWriter::putAnnotations (67 bytes)
Event: 1.384 Thread 0x000001e79bef94e0 nmethod 868 0x000001e78070f090 code [0x000001e78070f2c0, 0x000001e78070f6f8]
Event: 1.384 Thread 0x000001e79bef94e0  867       3       sun.invoke.util.VerifyAccess::isClassAccessible (230 bytes)
Event: 1.385 Thread 0x000001e79bef94e0 nmethod 867 0x000001e78070f990 code [0x000001e78070fd20, 0x000001e780711348]
Event: 1.385 Thread 0x000001e79bef94e0  871       3       jdk.internal.org.objectweb.asm.SymbolTable::addConstantMemberReference (147 bytes)

GC Heap History (0 events):
No events

Deoptimization events (18 events):
Event: 0.141 Thread 0x000001e7f5b519a0 Uncommon trap: trap_request=0xffffff45 fr.pc=0x000001e787ad4458 relative=0x0000000000000058
Event: 0.141 Thread 0x000001e7f5b519a0 Uncommon trap: reason=unstable_if action=reinterpret pc=0x000001e787ad4458 method=java.lang.String.isLatin1()Z @ 10 c2
Event: 0.142 Thread 0x000001e7f5b519a0 DEOPT PACKING pc=0x000001e787ad4458 sp=0x0000000db8afc600
Event: 0.142 Thread 0x000001e7f5b519a0 DEOPT UNPACKING pc=0x000001e78004e42f sp=0x0000000db8afc590 mode 2
Event: 0.202 Thread 0x000001e7f5b519a0 Uncommon trap: trap_request=0xffffff45 fr.pc=0x000001e787ad5f94 relative=0x0000000000000074
Event: 0.202 Thread 0x000001e7f5b519a0 Uncommon trap: reason=unstable_if action=reinterpret pc=0x000001e787ad5f94 method=java.lang.String.isLatin1()Z @ 10 c2
Event: 0.202 Thread 0x000001e7f5b519a0 DEOPT PACKING pc=0x000001e787ad5f94 sp=0x0000000db8afeb50
Event: 0.202 Thread 0x000001e7f5b519a0 DEOPT UNPACKING pc=0x000001e78004e42f sp=0x0000000db8afea90 mode 2
Event: 0.281 Thread 0x000001e7f5b519a0 Uncommon trap: trap_request=0xffffff45 fr.pc=0x000001e787ae44e0 relative=0x0000000000000060
Event: 0.281 Thread 0x000001e7f5b519a0 Uncommon trap: reason=unstable_if action=reinterpret pc=0x000001e787ae44e0 method=java.io.WinNTFileSystem.isSlash(C)Z @ 9 c2
Event: 0.281 Thread 0x000001e7f5b519a0 DEOPT PACKING pc=0x000001e787ae44e0 sp=0x0000000db8afaa90
Event: 0.281 Thread 0x000001e7f5b519a0 DEOPT UNPACKING pc=0x000001e78004e42f sp=0x0000000db8afaa18 mode 2
Event: 1.115 Thread 0x000001e7f5b519a0 DEOPT PACKING pc=0x000001e7805f0c5f sp=0x0000000db8afd860
Event: 1.115 Thread 0x000001e7f5b519a0 DEOPT UNPACKING pc=0x000001e78004e23f sp=0x0000000db8afccb0 mode 0
Event: 1.385 Thread 0x000001e7f5b519a0 Uncommon trap: trap_request=0xffffff45 fr.pc=0x000001e787b11338 relative=0x0000000000000038
Event: 1.385 Thread 0x000001e7f5b519a0 Uncommon trap: reason=unstable_if action=reinterpret pc=0x000001e787b11338 method=java.util.Objects.requireNonNull(Ljava/lang/Object;Ljava/lang/String;)Ljava/lang/Object; @ 1 c2
Event: 1.385 Thread 0x000001e7f5b519a0 DEOPT PACKING pc=0x000001e787b11338 sp=0x0000000db8afeed0
Event: 1.385 Thread 0x000001e7f5b519a0 DEOPT UNPACKING pc=0x000001e78004e42f sp=0x0000000db8afee70 mode 2

Classes unloaded (0 events):
No events

Classes redefined (0 events):
No events

Internal exceptions (16 events):
Event: 0.206 Thread 0x000001e79c1cdaa0 Exception <a 'java/lang/NoSuchMethodError'{0x0000000710fd6cd0}: 'java.lang.Object java.lang.invoke.DirectMethodHandle$Holder.invokeStatic(java.lang.Object)'> (0x0000000710fd6cd0) 
thrown [./open/src/hotspot/share/interpreter/linkResolver.cpp, line 782]
Event: 0.207 Thread 0x000001e79c1cdaa0 Exception <a 'java/lang/NoSuchMethodError'{0x0000000710fda5e0}: 'java.lang.Object java.lang.invoke.DirectMethodHandle$Holder.invokeStaticInit(java.lang.Object)'> (0x0000000710fda5e0) 
thrown [./open/src/hotspot/share/interpreter/linkResolver.cpp, line 782]
Event: 0.216 Thread 0x000001e79c1cdaa0 Exception <a 'java/lang/NoSuchMethodError'{0x0000000710fe7928}: 'void java.lang.invoke.DirectMethodHandle$Holder.invokeStatic(java.lang.Object, java.lang.Object)'> (0x0000000710fe7928) 
thrown [./open/src/hotspot/share/interpreter/linkResolver.cpp, line 782]
Event: 0.255 Thread 0x000001e7f5b519a0 Exception <a 'java/lang/NoSuchMethodError'{0x0000000710d16068}: 'void java.lang.invoke.DirectMethodHandle$Holder.invokeSpecial(java.lang.Object, java.lang.Object, java.lang.Object)'> (0x0000000710d16068) 
thrown [./open/src/hotspot/share/interpreter/linkResolver.cpp, line 782]
Event: 0.260 Thread 0x000001e7f5b519a0 Exception <a 'java/lang/NoSuchMethodError'{0x0000000710d2a5c8}: 'java.lang.Object java.lang.invoke.DirectMethodHandle$Holder.invokeStatic(java.lang.Object, java.lang.Object, int)'> (0x0000000710d2a5c8) 
thrown [./open/src/hotspot/share/interpreter/linkResolver.cpp, line 782]
Event: 0.262 Thread 0x000001e7f5b519a0 Exception <a 'java/lang/NoSuchMethodError'{0x0000000710d36710}: 'void java.lang.invoke.DelegatingMethodHandle$Holder.delegate(java.lang.Object, java.lang.Object, int, java.lang.Object)'> (0x0000000710d36710) 
thrown [./open/src/hotspot/share/interpreter/linkResolver.cpp, line 782]
Event: 0.262 Thread 0x000001e7f5b519a0 Exception <a 'java/lang/NoSuchMethodError'{0x0000000710d3a860}: 'int java.lang.invoke.DirectMethodHandle$Holder.invokeSpecial(java.lang.Object, java.lang.Object, java.lang.Object)'> (0x0000000710d3a860) 
thrown [./open/src/hotspot/share/interpreter/linkResolver.cpp, line 782]
Event: 0.307 Thread 0x000001e7f5b519a0 Exception <a 'sun/nio/fs/WindowsException'{0x0000000710dacbb0}> (0x0000000710dacbb0) 
thrown [./open/src/hotspot/share/prims/jni.cpp, line 578]
Event: 0.307 Thread 0x000001e7f5b519a0 Exception <a 'sun/nio/fs/WindowsException'{0x0000000710dad0d8}> (0x0000000710dad0d8) 
thrown [./open/src/hotspot/share/prims/jni.cpp, line 578]
Event: 0.357 Thread 0x000001e7f5b519a0 Exception <a 'sun/nio/fs/WindowsException'{0x0000000710ac42a0}> (0x0000000710ac42a0) 
thrown [./open/src/hotspot/share/prims/jni.cpp, line 578]
Event: 0.357 Thread 0x000001e7f5b519a0 Exception <a 'sun/nio/fs/WindowsException'{0x0000000710ac45e0}> (0x0000000710ac45e0) 
thrown [./open/src/hotspot/share/prims/jni.cpp, line 578]
Event: 0.960 Thread 0x000001e7f5b519a0 Exception <a 'sun/nio/fs/WindowsException'{0x0000000710b48e80}> (0x0000000710b48e80) 
thrown [./open/src/hotspot/share/prims/jni.cpp, line 578]
Event: 0.960 Thread 0x000001e7f5b519a0 Exception <a 'sun/nio/fs/WindowsException'{0x0000000710b49200}> (0x0000000710b49200) 
thrown [./open/src/hotspot/share/prims/jni.cpp, line 578]
Event: 0.965 Thread 0x000001e7f5b519a0 Exception <a 'sun/nio/fs/WindowsException'{0x0000000710b5a7a0}> (0x0000000710b5a7a0) 
thrown [./open/src/hotspot/share/prims/jni.cpp, line 578]
Event: 0.965 Thread 0x000001e7f5b519a0 Exception <a 'sun/nio/fs/WindowsException'{0x0000000710b5aa58}> (0x0000000710b5aa58) 
thrown [./open/src/hotspot/share/prims/jni.cpp, line 578]
Event: 1.246 Thread 0x000001e7f5b519a0 Exception <a 'sun/nio/fs/WindowsException'{0x00000007103f1260}> (0x00000007103f1260) 
thrown [./open/src/hotspot/share/prims/jni.cpp, line 578]

Events (20 events):
Event: 1.227 loading class jdk/internal/reflect/UnsafeQualifiedLongFieldAccessorImpl
Event: 1.227 loading class jdk/internal/reflect/UnsafeQualifiedFieldAccessorImpl
Event: 1.227 loading class jdk/internal/reflect/UnsafeQualifiedFieldAccessorImpl done
Event: 1.227 loading class jdk/internal/reflect/UnsafeQualifiedLongFieldAccessorImpl done
Event: 1.243 loading class java/io/UncheckedIOException
Event: 1.243 loading class java/io/UncheckedIOException done
Event: 1.246 loading class java/nio/file/StandardCopyOption
Event: 1.246 loading class java/nio/file/StandardCopyOption done
Event: 1.291 Executing VM operation: HandshakeAllThreads
Event: 1.291 Executing VM operation: HandshakeAllThreads done
Event: 1.336 Loaded shared library C:\Users\V\AppData\Local\Temp\imgui-java-natives_1619397552825\imgui-java64.dll
Event: 1.339 Thread 0x000001e79cb85b00 Thread exited: 0x000001e79cb85b00
Event: 1.382 loading class java/util/Scanner
Event: 1.382 loading class java/util/Scanner done
Event: 1.385 loading class java/lang/Throwable$WrappedPrintStream
Event: 1.385 loading class java/lang/Throwable$PrintStreamOrWriter
Event: 1.385 loading class java/lang/Throwable$PrintStreamOrWriter done
Event: 1.385 loading class java/lang/Throwable$WrappedPrintStream done
Event: 1.385 loading class java/lang/StackTraceElement$HashedModules
Event: 1.385 loading class java/lang/StackTraceElement$HashedModules done


Dynamic libraries:
0x00007ff791b00000 - 0x00007ff791b0d000 	C:\Users\V\.jdks\openjdk-15\bin\java.exe
0x00007ff8a6670000 - 0x00007ff8a6865000 	C:\Windows\SYSTEM32\ntdll.dll
0x00007ff8a4de0000 - 0x00007ff8a4e9d000 	C:\Windows\System32\KERNEL32.DLL
0x00007ff8a3de0000 - 0x00007ff8a40a8000 	C:\Windows\System32\KERNELBASE.dll
0x00007ff8a44d0000 - 0x00007ff8a45d0000 	C:\Windows\System32\ucrtbase.dll
0x00007ff89a4d0000 - 0x00007ff89a4e8000 	C:\Users\V\.jdks\openjdk-15\bin\jli.dll
0x00007ff8a5bc0000 - 0x00007ff8a5d60000 	C:\Windows\System32\USER32.dll
0x00007ff8a4130000 - 0x00007ff8a4152000 	C:\Windows\System32\win32u.dll
0x00007ff8a6550000 - 0x00007ff8a657a000 	C:\Windows\System32\GDI32.dll
0x00007ff8a4160000 - 0x00007ff8a426b000 	C:\Windows\System32\gdi32full.dll
0x00007ff8a4270000 - 0x00007ff8a430d000 	C:\Windows\System32\msvcp_win.dll
0x00007ff8949f0000 - 0x00007ff894a09000 	C:\Users\V\.jdks\openjdk-15\bin\VCRUNTIME140.dll
0x00007ff8926c0000 - 0x00007ff89295a000 	C:\Windows\WinSxS\amd64_microsoft.windows.common-controls_6595b64144ccf1df_6.0.19041.844_none_ca00b6081b84eb1d\COMCTL32.dll
0x00007ff8a5d60000 - 0x00007ff8a5dfe000 	C:\Windows\System32\msvcrt.dll
0x00007ff8a4730000 - 0x00007ff8a4760000 	C:\Windows\System32\IMM32.DLL
0x00007ff89a450000 - 0x00007ff89a45c000 	C:\Users\V\.jdks\openjdk-15\bin\vcruntime140_1.dll
0x00007ff880050000 - 0x00007ff8800e1000 	C:\Users\V\.jdks\openjdk-15\bin\msvcp140.dll
0x00007ff83e540000 - 0x00007ff83f09c000 	C:\Users\V\.jdks\openjdk-15\bin\server\jvm.dll
0x00007ff8a5e80000 - 0x00007ff8a5f2c000 	C:\Windows\System32\ADVAPI32.dll
0x00007ff8a5920000 - 0x00007ff8a59bb000 	C:\Windows\System32\sechost.dll
0x00007ff8a59c0000 - 0x00007ff8a5aeb000 	C:\Windows\System32\RPCRT4.dll
0x00007ff8a64e0000 - 0x00007ff8a64e8000 	C:\Windows\System32\PSAPI.DLL
0x00007ff89caa0000 - 0x00007ff89caa9000 	C:\Windows\SYSTEM32\WSOCK32.dll
0x00007ff8a5af0000 - 0x00007ff8a5b5b000 	C:\Windows\System32\WS2_32.dll
0x00007ff896490000 - 0x00007ff8964b7000 	C:\Windows\SYSTEM32\WINMM.dll
0x00007ff89d8a0000 - 0x00007ff89d8aa000 	C:\Windows\SYSTEM32\VERSION.dll
0x00007ff8a1d10000 - 0x00007ff8a1d22000 	C:\Windows\SYSTEM32\kernel.appcore.dll
0x00007ff89a3e0000 - 0x00007ff89a3ea000 	C:\Users\V\.jdks\openjdk-15\bin\jimage.dll
0x00007ff88e1d0000 - 0x00007ff88e3b4000 	C:\Windows\SYSTEM32\DBGHELP.DLL
0x00007ff88a8d0000 - 0x00007ff88a8fc000 	C:\Windows\SYSTEM32\dbgcore.DLL
0x00007ff8a40b0000 - 0x00007ff8a4130000 	C:\Windows\System32\bcryptPrimitives.dll
0x00007ff894c60000 - 0x00007ff894c6e000 	C:\Users\V\.jdks\openjdk-15\bin\instrument.dll
0x00007ff885130000 - 0x00007ff885155000 	C:\Users\V\.jdks\openjdk-15\bin\java.dll
0x00007ff8a4ea0000 - 0x00007ff8a55e2000 	C:\Windows\System32\SHELL32.dll
0x00007ff8a1f10000 - 0x00007ff8a26a1000 	C:\Windows\SYSTEM32\windows.storage.dll
0x00007ff8a4a50000 - 0x00007ff8a4da5000 	C:\Windows\System32\combase.dll
0x00007ff8a3820000 - 0x00007ff8a384c000 	C:\Windows\SYSTEM32\Wldp.dll
0x00007ff8a6580000 - 0x00007ff8a662e000 	C:\Windows\System32\SHCORE.dll
0x00007ff8a64f0000 - 0x00007ff8a6545000 	C:\Windows\System32\shlwapi.dll
0x00007ff8a3cf0000 - 0x00007ff8a3d0f000 	C:\Windows\SYSTEM32\profapi.dll
0x00007ff881da0000 - 0x00007ff881db8000 	C:\Users\V\.jdks\openjdk-15\bin\zip.dll
0x00007ff8949d0000 - 0x00007ff8949e9000 	C:\Users\V\.jdks\openjdk-15\bin\net.dll
0x00007ff89beb0000 - 0x00007ff89bfbb000 	C:\Windows\SYSTEM32\WINHTTP.dll
0x00007ff8a3590000 - 0x00007ff8a35fa000 	C:\Windows\system32\mswsock.dll
0x00007ff8829d0000 - 0x00007ff8829e2000 	C:\Users\V\.jdks\openjdk-15\bin\nio.dll
0x00007ff880030000 - 0x00007ff88004a000 	C:\Program Files\JetBrains\IntelliJ IDEA Community Edition 2020.2.2\bin\breakgen64.dll
0x00007ff85f5f0000 - 0x00007ff85f654000 	C:\Users\V\AppData\Local\Temp\lwjglV\3.2.3-build-13\lwjgl.dll
0x00007ff85f580000 - 0x00007ff85f5e2000 	C:\Users\V\AppData\Local\Temp\lwjglV\3.2.3-build-13\glfw.dll
0x00007ff8a1770000 - 0x00007ff8a180e000 	C:\Windows\system32\uxtheme.dll
0x00007ff85f530000 - 0x00007ff85f575000 	C:\Windows\SYSTEM32\dinput8.dll
0x00007ff890c30000 - 0x00007ff890c41000 	C:\Windows\SYSTEM32\xinput1_4.dll
0x00007ff8a4680000 - 0x00007ff8a46ce000 	C:\Windows\System32\cfgmgr32.dll
0x00007ff8a3b60000 - 0x00007ff8a3b8c000 	C:\Windows\SYSTEM32\DEVOBJ.dll
0x00007ff8a1a20000 - 0x00007ff8a1a4f000 	C:\Windows\SYSTEM32\dwmapi.dll
0x00007ff894f90000 - 0x00007ff8950e2000 	C:\Windows\SYSTEM32\inputhost.dll
0x00007ff8a5850000 - 0x00007ff8a591d000 	C:\Windows\System32\OLEAUT32.dll
0x00007ff8a1450000 - 0x00007ff8a1542000 	C:\Windows\SYSTEM32\CoreMessaging.dll
0x00007ff89f220000 - 0x00007ff89f317000 	C:\Windows\SYSTEM32\PROPSYS.dll
0x00007ff89fd90000 - 0x00007ff89fee4000 	C:\Windows\SYSTEM32\wintypes.dll
0x00007ff8a10f0000 - 0x00007ff8a144e000 	C:\Windows\SYSTEM32\CoreUIComponents.dll
0x00007ff8a2af0000 - 0x00007ff8a2b23000 	C:\Windows\SYSTEM32\ntmarta.dll
0x00007ff8a4770000 - 0x00007ff8a4885000 	C:\Windows\System32\MSCTF.dll
0x00007ff85f970000 - 0x00007ff85fa6c000 	C:\ProgramData\A-Volute\A-Volute.Nahimic\Modules\Scheduled\x64\A-Volute.NahimicDevProps2.dll
0x00007ff8a4890000 - 0x00007ff8a49ba000 	C:\Windows\System32\ole32.dll
0x00007ff8a26b0000 - 0x00007ff8a26bd000 	C:\Windows\SYSTEM32\HID.DLL
0x00007ff8a6070000 - 0x00007ff8a64d9000 	C:\Windows\System32\SETUPAPI.DLL
0x00007ff8a3db0000 - 0x00007ff8a3dd7000 	C:\Windows\System32\bcrypt.dll
0x00007ff8a4310000 - 0x00007ff8a4370000 	C:\Windows\System32\WINTRUST.dll
0x00007ff8a4370000 - 0x00007ff8a44cf000 	C:\Windows\System32\CRYPT32.dll
0x00007ff8a39a0000 - 0x00007ff8a39b2000 	C:\Windows\SYSTEM32\MSASN1.dll
0x00007ff86b4a0000 - 0x00007ff86b5c6000 	C:\Windows\SYSTEM32\opengl32.dll
0x00007ff8921b0000 - 0x00007ff8921dc000 	C:\Windows\SYSTEM32\GLU32.dll
0x00007ff8a57a0000 - 0x00007ff8a5849000 	C:\Windows\System32\clbcatq.dll
0x00007ff81b530000 - 0x00007ff81dec9000 	C:\Windows\System32\DriverStore\FileRepository\nv_dispi.inf_amd64_1c83a5d7cffd7bff\nvoglv64.dll
0x00007ff89f7b0000 - 0x00007ff89f7c4000 	C:\Windows\SYSTEM32\WTSAPI32.dll
0x00007ff89d5b0000 - 0x00007ff89d5e1000 	C:\Windows\SYSTEM32\cryptnet.dll
0x00007ff8a3780000 - 0x00007ff8a378c000 	C:\Windows\SYSTEM32\cryptbase.dll
0x00007ff89af60000 - 0x00007ff89af9b000 	C:\Windows\SYSTEM32\dxcore.dll
0x00007ff87eae0000 - 0x00007ff87ed99000 	C:\Windows\system32\nvspcap64.dll
0x00007ff8a33a0000 - 0x00007ff8a33eb000 	C:\Windows\SYSTEM32\powrprof.dll
0x00007ff8a3210000 - 0x00007ff8a3222000 	C:\Windows\SYSTEM32\UMPDC.dll
0x00007ff8a2ba0000 - 0x00007ff8a2bfa000 	C:\Windows\SYSTEM32\WINSTA.dll
0x00007ff894a10000 - 0x00007ff894b09000 	C:\Windows\SYSTEM32\textinputframework.dll
0x00007ff85f4d0000 - 0x00007ff85f529000 	C:\Users\V\AppData\Local\Temp\lwjglV\3.2.3-build-13\lwjgl_opengl.dll
0x0000000064a00000 - 0x0000000064d10000 	C:\Users\V\AppData\Local\Temp\imgui-java-natives_1619397552825\imgui-java64.dll
0x00007ff8a3760000 - 0x00007ff8a3778000 	C:\Windows\SYSTEM32\CRYPTSP.dll
0x00007ff8a2ec0000 - 0x00007ff8a2ef4000 	C:\Windows\system32\rsaenh.dll

dbghelp: loaded successfully - version: 4.0.5 - missing functions: none
symbol engine: initialized successfully - sym options: 0x614 - pdb path: .;C:\Users\V\.jdks\openjdk-15\bin;C:\Windows\SYSTEM32;C:\Windows\WinSxS\amd64_microsoft.windows.common-controls_6595b64144ccf1df_6.0.19041.844_none_ca00b6081b84eb1d;C:\Users\V\.jdks\openjdk-15\bin\server;C:\Program Files\JetBrains\IntelliJ IDEA Community Edition 2020.2.2\bin;C:\Users\V\AppData\Local\Temp\lwjglV\3.2.3-build-13;C:\ProgramData\A-Volute\A-Volute.Nahimic\Modules\Scheduled\x64;C:\Windows\System32\DriverStore\FileRepository\nv_dispi.inf_amd64_1c83a5d7cffd7bff;C:\Users\V\AppData\Local\Temp\imgui-java-natives_1619397552825

VM Arguments:
jvm_args: -javaagent:C:\Program Files\JetBrains\IntelliJ IDEA Community Edition 2020.2.2\lib\idea_rt.jar=64757:C:\Program Files\JetBrains\IntelliJ IDEA Community Edition 2020.2.2\bin -Dfile.encoding=UTF-8 
java_command: com.boi.engimonfactory.EngimonFactory2
java_class_path (initial): D:\Programming\GitHub\engimon-factory2\target\classes;C:\Users\V\.m2\repository\io\github\spair\imgui-java-app\1.81.0\imgui-java-app-1.81.0.jar;C:\Users\V\.m2\repository\org\lwjgl\lwjgl\3.2.3\lwjgl-3.2.3-natives-linux.jar;C:\Users\V\.m2\repository\org\lwjgl\lwjgl-glfw\3.2.3\lwjgl-glfw-3.2.3-natives-linux.jar;C:\Users\V\.m2\repository\org\lwjgl\lwjgl-opengl\3.2.3\lwjgl-opengl-3.2.3-natives-linux.jar;C:\Users\V\.m2\repository\org\lwjgl\lwjgl\3.2.3\lwjgl-3.2.3-natives-macos.jar;C:\Users\V\.m2\repository\org\lwjgl\lwjgl-glfw\3.2.3\lwjgl-glfw-3.2.3-natives-macos.jar;C:\Users\V\.m2\repository\org\lwjgl\lwjgl-opengl\3.2.3\lwjgl-opengl-3.2.3-natives-macos.jar;C:\Users\V\.m2\repository\io\github\spair\imgui-java-binding\1.81.0\imgui-java-binding-1.81.0.jar;C:\Users\V\.m2\repository\io\github\spair\imgui-java-lwjgl3\1.81.0\imgui-java-lwjgl3-1.81.0.jar;C:\Users\V\.m2\repository\org\lwjgl\lwjgl\3.2.3\lwjgl-3.2.3.jar;C:\Users\V\.m2\repository\org\lwjgl\lwjgl-assimp\3.2.3\lwjgl-assimp-3.2.3.jar;C:\Users\V\.m2\repository\org\lwjgl\lwjgl-bgfx\3.2.3\lwjgl-bgfx-3.2.3.jar;C:\Users\V\.m2\repository\org\lwjgl\lwjgl-glfw\3.2.3\lwjgl-glfw-3.2.3.jar;C:\Users\V\.m2\repository\org\lwjgl\lwjgl-nanovg\3.2.3\lwjgl-nanovg-3.2.3.jar;C:\Users\V\.m2\repository\org\lwjgl\lwjgl-nuklear\3.2.3\lwjgl-nuklear-3.2.3.jar;C:\Users\V\.m2\repository\org\lwjgl\lwjgl-openal\3.2.3\lwjgl-openal-3.2.3.jar;C:\Users\V\.m2\repository\org\lwjgl\lwjgl-opengl\3.2.3\lwjgl-opengl-3.2.3.jar;C:\Users\V\.m2\repository\org\lwjgl\lwjgl-par\3.2.3\lwjgl-par-3.2.3.jar;C:\Users\V\.m2\repository\org\lwjgl\lwjgl-stb\3.2.3\lwjgl-stb-3.2.3.jar;C:\Users\V\.m2\repository\org\lwjgl\lwjgl-tinyfd\3.2.3\lwjgl-tinyfd-3.2.3.jar;C:\Users\V\.m2\repository\org\lwjgl\lwjgl-vulkan\3.2.3\lwjgl-vulkan-3.2.3.jar;C:\Users\V\.m2\repository\org\lwjgl\lwjgl\3.2.3\lwjgl-3.2.3-natives-windows.jar;C:\Users\V\.m2\repository\org\lwjgl\lwjgl-assimp\3.2.3\lwjgl-assimp-3.2.3-natives-windows.jar;C:\Users\V\.m2\repository\org\lwjgl\lwj
Launcher Type: SUN_STANDARD

[Global flags]
     intx CICompilerCount                          = 4                                         {product} {ergonomic}
     uint ConcGCThreads                            = 3                                         {product} {ergonomic}
     uint G1ConcRefinementThreads                  = 10                                        {product} {ergonomic}
   size_t G1HeapRegionSize                         = 2097152                                   {product} {ergonomic}
    uintx GCDrainStackTargetSize                   = 64                                        {product} {ergonomic}
   size_t InitialHeapSize                          = 268435456                                 {product} {ergonomic}
   size_t MarkStackSize                            = 4194304                                   {product} {ergonomic}
   size_t MaxHeapSize                              = 4276092928                                {product} {ergonomic}
   size_t MaxNewSize                               = 2564816896                                {product} {ergonomic}
   size_t MinHeapDeltaBytes                        = 2097152                                   {product} {ergonomic}
   size_t MinHeapSize                              = 8388608                                   {product} {ergonomic}
    uintx NonNMethodCodeHeapSize                   = 5839372                                {pd product} {ergonomic}
    uintx NonProfiledCodeHeapSize                  = 122909434                              {pd product} {ergonomic}
    uintx ProfiledCodeHeapSize                     = 122909434                              {pd product} {ergonomic}
    uintx ReservedCodeCacheSize                    = 251658240                              {pd product} {ergonomic}
     bool SegmentedCodeCache                       = true                                      {product} {ergonomic}
   size_t SoftMaxHeapSize                          = 4276092928                             {manageable} {ergonomic}
     bool UseCompressedClassPointers               = true                                 {lp64_product} {ergonomic}
     bool UseCompressedOops                        = true                                 {lp64_product} {ergonomic}
     bool UseG1GC                                  = true                                      {product} {ergonomic}
     bool UseLargePagesIndividualAllocation        = false                                  {pd product} {ergonomic}

Logging:
Log output configuration:
 #0: stdout all=warning uptime,level,tags
 #1: stderr all=off uptime,level,tags

Environment Variables:
PATH=C:\Program Files\AdoptOpenJDK\jdk-11.0.10.9-hotspot\bin;C:\Python39\Scripts\;C:\Python39\;C:\Program Files (x86)\Common Files\Oracle\Java\javapath;C:\Windows\system32;C:\Windows;C:\Windows\System32\Wbem;C:\Windows\System32\WindowsPowerShell\v1.0\;C:\Windows\System32\OpenSSH\;C:\Program Files (x86)\NVIDIA Corporation\PhysX\Common;C:\Program Files\NVIDIA Corporation\NVIDIA NvDLISR;D:\Application Files\Git\cmd;C:\Program Files\dotnet\;D:\Program Files\MariaDB\bin;D:\Application Files\NodeJS\;C:\ProgramData\chocolatey\bin;D:\Program Files\Java;D:\Program Files\Bochs-2.6.11;C:\Users\V\AppData\Local\Microsoft\WindowsApps;C:\Users\V\AppData\Local\Programs\Microsoft VS Code\bin;C:\Users\V\AppData\Local\GitHubDesktop\bin;C:\MinGW\bin;C:\Users\V\.dotnet\tools;C:\Users\V\AppData\Roaming\npm
USERNAME=V
OS=Windows_NT
PROCESSOR_IDENTIFIER=AMD64 Family 23 Model 113 Stepping 0, AuthenticAMD



---------------  S Y S T E M  ---------------

OS:
 Windows 10 , 64 bit Build 19041 (10.0.19041.928)
OS uptime: 8 days 20:54 hours

CPU: total 12 (initial active 12) (12 cores per cpu, 2 threads per core) family 23 model 113 stepping 0, cmov, cx8, fxsr, mmx, sse, sse2, sse3, ssse3, sse4.1, sse4.2, popcnt, vzeroupper, avx, avx2, aes, clmul, 3dnowpref, lzcnt, sse4a, ht, tsc, tscinvbit, tscinv, bmi1, bmi2, adx, sha, fma, clflush, clflushopt

Memory: 4k page, system-wide physical 16310M (8380M free)
TotalPageFile size 26038M (AvailPageFile size 10615M)
current process WorkingSet (physical memory assigned to process): 103M, peak: 103M
current process commit charge ("private bytes"): 420M, peak: 420M

vm_info: OpenJDK 64-Bit Server VM (15+36-1562) for windows-amd64 JRE (15+36-1562), built on Aug 11 2020 22:33:04 by "mach5one" with unknown MS VC++:1925

END.
